<?xml version="1.0" encoding="UTF-8" ?>
<testsuite failures="0" time="0" errors="0" skipped="0" tests="3" name="org.springframework.samples.petcare.appointments.AppointmentCalendarTest">
  <properties>
    <property name="java.runtime.name" value="Java(TM) SE Runtime Environment"/>
    <property name="sun.boot.library.path" value="D:\Program Files\Genuitec\Common\binary\com.sun.java.jdk.win32.x86_1.6.0.013\jre\bin"/>
    <property name="java.vm.version" value="11.3-b02"/>
    <property name="java.vm.vendor" value="Sun Microsystems Inc."/>
    <property name="java.vendor.url" value="http://java.sun.com/"/>
    <property name="path.separator" value=";"/>
    <property name="java.vm.name" value="Java HotSpot(TM) Client VM"/>
    <property name="file.encoding.pkg" value="sun.io"/>
    <property name="user.country" value="CN"/>
    <property name="sun.java.launcher" value="SUN_STANDARD"/>
    <property name="sun.os.patch.level" value="Service Pack 3"/>
    <property name="java.vm.specification.name" value="Java Virtual Machine Specification"/>
    <property name="user.dir" value="D:\x5.1.0.1690\studio\workspace\SpringDemo\petcare\trunk"/>
    <property name="java.runtime.version" value="1.6.0_13-b03"/>
    <property name="java.awt.graphicsenv" value="sun.awt.Win32GraphicsEnvironment"/>
    <property name="basedir" value="D:\x5.1.0.1690\studio\workspace\SpringDemo\petcare\trunk"/>
    <property name="java.endorsed.dirs" value="D:\Program Files\Genuitec\Common\binary\com.sun.java.jdk.win32.x86_1.6.0.013\jre\lib\endorsed"/>
    <property name="os.arch" value="x86"/>
    <property name="surefire.real.class.path" value="C:\DOCUME~1\ADMINI~1\LOCALS~1\Temp\surefirebooter8109344492524724699.jar"/>
    <property name="java.io.tmpdir" value="C:\DOCUME~1\ADMINI~1\LOCALS~1\Temp\"/>
    <property name="line.separator" value="
"/>
    <property name="java.vm.specification.vendor" value="Sun Microsystems Inc."/>
    <property name="user.variant" value=""/>
    <property name="os.name" value="Windows XP"/>
    <property name="sun.jnu.encoding" value="GBK"/>
    <property name="java.library.path" value="D:\Program Files\Genuitec\Common\binary\com.sun.java.jdk.win32.x86_1.6.0.013\jre\bin;.;C:\WINDOWS\Sun\Java\bin;C:\WINDOWS\system32;C:\WINDOWS;D:/Program Files/Genuitec/Common/binary/com.sun.java.jdk.win32.x86_1.6.0.013/jre/bin/client;D:/Program Files/Genuitec/Common/binary/com.sun.java.jdk.win32.x86_1.6.0.013/jre/bin;D:/Program Files/Genuitec/Common/binary/com.sun.java.jdk.win32.x86_1.6.0.013/jre/lib/i386;C:\WINDOWS\system32;C:\WINDOWS;C:\WINDOWS\System32\Wbem;C:\Program Files\Common Files\Thunder Network\KanKan\Codecs;C:\Program Files\Microsoft SQL Server\100\Tools\Binn\;C:\Program Files\Microsoft SQL Server\100\DTS\Binn\;C:\Program Files\Microsoft SQL Server\100\Tools\Binn\VSShell\Common7\IDE\;C:\WINDOWS\system32\WindowsPowerShell\v1.0;%JAVA_HOME%\bin;%M2_HOME%\bin;C:\Program Files\StormII\Codec;C:\Program Files\StormII;E:\apache-maven-3.0.3-bin\apache-maven-3.0.3\bin"/>
    <property name="surefire.test.class.path" value="D:\x5.1.0.1690\studio\workspace\SpringDemo\petcare\trunk\target\test-classes;D:\x5.1.0.1690\studio\workspace\SpringDemo\petcare\trunk\target\classes;C:\Documents and Settings\Administrator\.m2\repository\org\springframework\spring-context\3.0.3.RELEASE\spring-context-3.0.3.RELEASE.jar;C:\Documents and Settings\Administrator\.m2\repository\org\springframework\spring-aop\3.0.3.RELEASE\spring-aop-3.0.3.RELEASE.jar;C:\Documents and Settings\Administrator\.m2\repository\aopalliance\aopalliance\1.0\aopalliance-1.0.jar;C:\Documents and Settings\Administrator\.m2\repository\org\springframework\spring-asm\3.0.3.RELEASE\spring-asm-3.0.3.RELEASE.jar;C:\Documents and Settings\Administrator\.m2\repository\org\springframework\spring-beans\3.0.3.RELEASE\spring-beans-3.0.3.RELEASE.jar;C:\Documents and Settings\Administrator\.m2\repository\org\springframework\spring-core\3.0.3.RELEASE\spring-core-3.0.3.RELEASE.jar;C:\Documents and Settings\Administrator\.m2\repository\org\springframework\spring-expression\3.0.3.RELEASE\spring-expression-3.0.3.RELEASE.jar;C:\Documents and Settings\Administrator\.m2\repository\org\springframework\spring-jdbc\3.0.3.RELEASE\spring-jdbc-3.0.3.RELEASE.jar;C:\Documents and Settings\Administrator\.m2\repository\org\springframework\spring-tx\3.0.3.RELEASE\spring-tx-3.0.3.RELEASE.jar;C:\Documents and Settings\Administrator\.m2\repository\org\springframework\spring-orm\3.0.3.RELEASE\spring-orm-3.0.3.RELEASE.jar;C:\Documents and Settings\Administrator\.m2\repository\org\springframework\spring-webmvc\3.0.3.RELEASE\spring-webmvc-3.0.3.RELEASE.jar;C:\Documents and Settings\Administrator\.m2\repository\org\springframework\spring-context-support\3.0.3.RELEASE\spring-context-support-3.0.3.RELEASE.jar;C:\Documents and Settings\Administrator\.m2\repository\org\springframework\spring-web\3.0.3.RELEASE\spring-web-3.0.3.RELEASE.jar;C:\Documents and Settings\Administrator\.m2\repository\org\springframework\integration\spring-integration-core\2.0.0.M4\spring-integration-core-2.0.0.M4.jar;C:\Documents and Settings\Administrator\.m2\repository\org\codehaus\jackson\jackson-mapper-asl\1.5.3\jackson-mapper-asl-1.5.3.jar;C:\Documents and Settings\Administrator\.m2\repository\org\codehaus\jackson\jackson-core-asl\1.5.3\jackson-core-asl-1.5.3.jar;C:\Documents and Settings\Administrator\.m2\repository\org\springframework\integration\spring-integration-mail\2.0.0.M4\spring-integration-mail-2.0.0.M4.jar;C:\Documents and Settings\Administrator\.m2\repository\org\springframework\security\spring-security-web\3.0.2.RELEASE\spring-security-web-3.0.2.RELEASE.jar;C:\Documents and Settings\Administrator\.m2\repository\org\springframework\security\spring-security-core\3.0.2.RELEASE\spring-security-core-3.0.2.RELEASE.jar;C:\Documents and Settings\Administrator\.m2\repository\org\aspectj\aspectjrt\1.6.8\aspectjrt-1.6.8.jar;C:\Documents and Settings\Administrator\.m2\repository\org\aspectj\aspectjweaver\1.6.8\aspectjweaver-1.6.8.jar;C:\Documents and Settings\Administrator\.m2\repository\org\springframework\security\spring-security-taglibs\3.0.2.RELEASE\spring-security-taglibs-3.0.2.RELEASE.jar;C:\Documents and Settings\Administrator\.m2\repository\org\springframework\security\spring-security-acl\3.0.2.RELEASE\spring-security-acl-3.0.2.RELEASE.jar;C:\Documents and Settings\Administrator\.m2\repository\org\springframework\security\spring-security-openid\3.0.2.RELEASE\spring-security-openid-3.0.2.RELEASE.jar;C:\Documents and Settings\Administrator\.m2\repository\org\openid4java\openid4java\0.9.5\openid4java-0.9.5.jar;C:\Documents and Settings\Administrator\.m2\repository\org\openid4java\openid4java-consumer\0.9.5\openid4java-consumer-0.9.5.jar;C:\Documents and Settings\Administrator\.m2\repository\org\openid4java\openid4java-nodeps\0.9.5\openid4java-nodeps-0.9.5.jar;C:\Documents and Settings\Administrator\.m2\repository\commons-httpclient\commons-httpclient\3.0.1\commons-httpclient-3.0.1.jar;C:\Documents and Settings\Administrator\.m2\repository\commons-codec\commons-codec\1.2\commons-codec-1.2.jar;C:\Documents and Settings\Administrator\.m2\repository\net\sourceforge\nekohtml\nekohtml\1.9.7\nekohtml-1.9.7.jar;C:\Documents and Settings\Administrator\.m2\repository\xerces\xercesImpl\2.8.1\xercesImpl-2.8.1.jar;C:\Documents and Settings\Administrator\.m2\repository\xml-apis\xml-apis\1.0.b2\xml-apis-1.0.b2.jar;C:\Documents and Settings\Administrator\.m2\repository\org\openid4java\openid4java-server\0.9.5\openid4java-server-0.9.5.jar;C:\Documents and Settings\Administrator\.m2\repository\org\openid4java\openid4java-server-JdbcServerAssociationStore\0.9.5\openid4java-server-JdbcServerAssociationStore-0.9.5.jar;C:\Documents and Settings\Administrator\.m2\repository\org\openid4java\openid4java-consumer-SampleConsumer\0.9.5\openid4java-consumer-SampleConsumer-0.9.5.jar;C:\Documents and Settings\Administrator\.m2\repository\org\openid4java\openid4java-server-SampleServer\0.9.5\openid4java-server-SampleServer-0.9.5.jar;C:\Documents and Settings\Administrator\.m2\repository\org\springframework\security\spring-security-config\3.0.2.RELEASE\spring-security-config-3.0.2.RELEASE.jar;C:\Documents and Settings\Administrator\.m2\repository\org\springframework\roo\org.springframework.roo.annotations\1.0.2.RELEASE\org.springframework.roo.annotations-1.0.2.RELEASE.jar;C:\Documents and Settings\Administrator\.m2\repository\org\slf4j\slf4j-api\1.5.10\slf4j-api-1.5.10.jar;C:\Documents and Settings\Administrator\.m2\repository\org\slf4j\jcl-over-slf4j\1.5.10\jcl-over-slf4j-1.5.10.jar;C:\Documents and Settings\Administrator\.m2\repository\org\slf4j\slf4j-log4j12\1.5.10\slf4j-log4j12-1.5.10.jar;C:\Documents and Settings\Administrator\.m2\repository\log4j\log4j\1.2.16\log4j-1.2.16.jar;C:\Documents and Settings\Administrator\.m2\repository\javax\inject\javax.inject\1\javax.inject-1.jar;C:\Documents and Settings\Administrator\.m2\repository\com\h2database\h2\1.2.131\h2-1.2.131.jar;C:\Documents and Settings\Administrator\.m2\repository\javax\servlet\servlet-api\2.5\servlet-api-2.5.jar;C:\Documents and Settings\Administrator\.m2\repository\javax\servlet\jsp\jsp-api\2.1\jsp-api-2.1.jar;C:\Documents and Settings\Administrator\.m2\repository\javax\servlet\jstl\1.2\jstl-1.2.jar;C:\Documents and Settings\Administrator\.m2\repository\org\apache\tiles\tiles-jsp\2.1.3\tiles-jsp-2.1.3.jar;C:\Documents and Settings\Administrator\.m2\repository\org\apache\tiles\tiles-servlet\2.1.3\tiles-servlet-2.1.3.jar;C:\Documents and Settings\Administrator\.m2\repository\org\apache\tiles\tiles-core\2.1.3\tiles-core-2.1.3.jar;C:\Documents and Settings\Administrator\.m2\repository\org\apache\tiles\tiles-api\2.1.3\tiles-api-2.1.3.jar;C:\Documents and Settings\Administrator\.m2\repository\commons-digester\commons-digester\1.8.1\commons-digester-1.8.1.jar;C:\Documents and Settings\Administrator\.m2\repository\commons-beanutils\commons-beanutils\1.8.0\commons-beanutils-1.8.0.jar;C:\Documents and Settings\Administrator\.m2\repository\org\hibernate\hibernate-entitymanager\3.5.0-Final\hibernate-entitymanager-3.5.0-Final.jar;C:\Documents and Settings\Administrator\.m2\repository\org\hibernate\hibernate-core\3.5.0-Final\hibernate-core-3.5.0-Final.jar;C:\Documents and Settings\Administrator\.m2\repository\antlr\antlr\2.7.7\antlr-2.7.7.jar;C:\Documents and Settings\Administrator\.m2\repository\commons-collections\commons-collections\3.1\commons-collections-3.1.jar;C:\Documents and Settings\Administrator\.m2\repository\dom4j\dom4j\1.6.1\dom4j-1.6.1.jar;C:\Documents and Settings\Administrator\.m2\repository\javax\transaction\jta\1.1\jta-1.1.jar;C:\Documents and Settings\Administrator\.m2\repository\org\hibernate\hibernate-annotations\3.5.0-Final\hibernate-annotations-3.5.0-Final.jar;C:\Documents and Settings\Administrator\.m2\repository\org\hibernate\hibernate-commons-annotations\3.2.0.Final\hibernate-commons-annotations-3.2.0.Final.jar;C:\Documents and Settings\Administrator\.m2\repository\org\hibernate\javax\persistence\hibernate-jpa-2.0-api\1.0.0.Final\hibernate-jpa-2.0-api-1.0.0.Final.jar;C:\Documents and Settings\Administrator\.m2\repository\cglib\cglib\2.2\cglib-2.2.jar;C:\Documents and Settings\Administrator\.m2\repository\asm\asm\3.1\asm-3.1.jar;C:\Documents and Settings\Administrator\.m2\repository\javassist\javassist\3.9.0.GA\javassist-3.9.0.GA.jar;C:\Documents and Settings\Administrator\.m2\repository\javax\validation\validation-api\1.0.0.GA\validation-api-1.0.0.GA.jar;C:\Documents and Settings\Administrator\.m2\repository\org\hibernate\hibernate-validator\4.0.2.GA\hibernate-validator-4.0.2.GA.jar;C:\Documents and Settings\Administrator\.m2\repository\javax\xml\bind\jaxb-api\2.1\jaxb-api-2.1.jar;C:\Documents and Settings\Administrator\.m2\repository\javax\xml\stream\stax-api\1.0-2\stax-api-1.0-2.jar;C:\Documents and Settings\Administrator\.m2\repository\javax\activation\activation\1.1\activation-1.1.jar;C:\Documents and Settings\Administrator\.m2\repository\com\sun\xml\bind\jaxb-impl\2.1.3\jaxb-impl-2.1.3.jar;C:\Documents and Settings\Administrator\.m2\repository\joda-time\joda-time\1.6\joda-time-1.6.jar;C:\Documents and Settings\Administrator\.m2\repository\joda-time\joda-time-jsptags\1.0.2\joda-time-jsptags-1.0.2.jar;C:\Documents and Settings\Administrator\.m2\repository\javax\mail\mail\1.4.1\mail-1.4.1.jar;C:\Documents and Settings\Administrator\.m2\repository\org\antlr\stringtemplate\3.2.1\stringtemplate-3.2.1.jar;C:\Documents and Settings\Administrator\.m2\repository\junit\junit\4.7\junit-4.7.jar;C:\Documents and Settings\Administrator\.m2\repository\org\springframework\spring-test\3.0.3.RELEASE\spring-test-3.0.3.RELEASE.jar;"/>
    <property name="java.specification.name" value="Java Platform API Specification"/>
    <property name="java.class.version" value="50.0"/>
    <property name="sun.management.compiler" value="HotSpot Client Compiler"/>
    <property name="os.version" value="5.1"/>
    <property name="user.home" value="C:\Documents and Settings\Administrator"/>
    <property name="user.timezone" value="Asia/Shanghai"/>
    <property name="java.awt.printerjob" value="sun.awt.windows.WPrinterJob"/>
    <property name="java.specification.version" value="1.6"/>
    <property name="file.encoding" value="GBK"/>
    <property name="user.name" value="Administrator"/>
    <property name="java.class.path" value="D:\x5.1.0.1690\studio\workspace\SpringDemo\petcare\trunk\target\test-classes;D:\x5.1.0.1690\studio\workspace\SpringDemo\petcare\trunk\target\classes;C:\Documents and Settings\Administrator\.m2\repository\org\springframework\spring-context\3.0.3.RELEASE\spring-context-3.0.3.RELEASE.jar;C:\Documents and Settings\Administrator\.m2\repository\org\springframework\spring-aop\3.0.3.RELEASE\spring-aop-3.0.3.RELEASE.jar;C:\Documents and Settings\Administrator\.m2\repository\aopalliance\aopalliance\1.0\aopalliance-1.0.jar;C:\Documents and Settings\Administrator\.m2\repository\org\springframework\spring-asm\3.0.3.RELEASE\spring-asm-3.0.3.RELEASE.jar;C:\Documents and Settings\Administrator\.m2\repository\org\springframework\spring-beans\3.0.3.RELEASE\spring-beans-3.0.3.RELEASE.jar;C:\Documents and Settings\Administrator\.m2\repository\org\springframework\spring-core\3.0.3.RELEASE\spring-core-3.0.3.RELEASE.jar;C:\Documents and Settings\Administrator\.m2\repository\org\springframework\spring-expression\3.0.3.RELEASE\spring-expression-3.0.3.RELEASE.jar;C:\Documents and Settings\Administrator\.m2\repository\org\springframework\spring-jdbc\3.0.3.RELEASE\spring-jdbc-3.0.3.RELEASE.jar;C:\Documents and Settings\Administrator\.m2\repository\org\springframework\spring-tx\3.0.3.RELEASE\spring-tx-3.0.3.RELEASE.jar;C:\Documents and Settings\Administrator\.m2\repository\org\springframework\spring-orm\3.0.3.RELEASE\spring-orm-3.0.3.RELEASE.jar;C:\Documents and Settings\Administrator\.m2\repository\org\springframework\spring-webmvc\3.0.3.RELEASE\spring-webmvc-3.0.3.RELEASE.jar;C:\Documents and Settings\Administrator\.m2\repository\org\springframework\spring-context-support\3.0.3.RELEASE\spring-context-support-3.0.3.RELEASE.jar;C:\Documents and Settings\Administrator\.m2\repository\org\springframework\spring-web\3.0.3.RELEASE\spring-web-3.0.3.RELEASE.jar;C:\Documents and Settings\Administrator\.m2\repository\org\springframework\integration\spring-integration-core\2.0.0.M4\spring-integration-core-2.0.0.M4.jar;C:\Documents and Settings\Administrator\.m2\repository\org\codehaus\jackson\jackson-mapper-asl\1.5.3\jackson-mapper-asl-1.5.3.jar;C:\Documents and Settings\Administrator\.m2\repository\org\codehaus\jackson\jackson-core-asl\1.5.3\jackson-core-asl-1.5.3.jar;C:\Documents and Settings\Administrator\.m2\repository\org\springframework\integration\spring-integration-mail\2.0.0.M4\spring-integration-mail-2.0.0.M4.jar;C:\Documents and Settings\Administrator\.m2\repository\org\springframework\security\spring-security-web\3.0.2.RELEASE\spring-security-web-3.0.2.RELEASE.jar;C:\Documents and Settings\Administrator\.m2\repository\org\springframework\security\spring-security-core\3.0.2.RELEASE\spring-security-core-3.0.2.RELEASE.jar;C:\Documents and Settings\Administrator\.m2\repository\org\aspectj\aspectjrt\1.6.8\aspectjrt-1.6.8.jar;C:\Documents and Settings\Administrator\.m2\repository\org\aspectj\aspectjweaver\1.6.8\aspectjweaver-1.6.8.jar;C:\Documents and Settings\Administrator\.m2\repository\org\springframework\security\spring-security-taglibs\3.0.2.RELEASE\spring-security-taglibs-3.0.2.RELEASE.jar;C:\Documents and Settings\Administrator\.m2\repository\org\springframework\security\spring-security-acl\3.0.2.RELEASE\spring-security-acl-3.0.2.RELEASE.jar;C:\Documents and Settings\Administrator\.m2\repository\org\springframework\security\spring-security-openid\3.0.2.RELEASE\spring-security-openid-3.0.2.RELEASE.jar;C:\Documents and Settings\Administrator\.m2\repository\org\openid4java\openid4java\0.9.5\openid4java-0.9.5.jar;C:\Documents and Settings\Administrator\.m2\repository\org\openid4java\openid4java-consumer\0.9.5\openid4java-consumer-0.9.5.jar;C:\Documents and Settings\Administrator\.m2\repository\org\openid4java\openid4java-nodeps\0.9.5\openid4java-nodeps-0.9.5.jar;C:\Documents and Settings\Administrator\.m2\repository\commons-httpclient\commons-httpclient\3.0.1\commons-httpclient-3.0.1.jar;C:\Documents and Settings\Administrator\.m2\repository\commons-codec\commons-codec\1.2\commons-codec-1.2.jar;C:\Documents and Settings\Administrator\.m2\repository\net\sourceforge\nekohtml\nekohtml\1.9.7\nekohtml-1.9.7.jar;C:\Documents and Settings\Administrator\.m2\repository\xerces\xercesImpl\2.8.1\xercesImpl-2.8.1.jar;C:\Documents and Settings\Administrator\.m2\repository\xml-apis\xml-apis\1.0.b2\xml-apis-1.0.b2.jar;C:\Documents and Settings\Administrator\.m2\repository\org\openid4java\openid4java-server\0.9.5\openid4java-server-0.9.5.jar;C:\Documents and Settings\Administrator\.m2\repository\org\openid4java\openid4java-server-JdbcServerAssociationStore\0.9.5\openid4java-server-JdbcServerAssociationStore-0.9.5.jar;C:\Documents and Settings\Administrator\.m2\repository\org\openid4java\openid4java-consumer-SampleConsumer\0.9.5\openid4java-consumer-SampleConsumer-0.9.5.jar;C:\Documents and Settings\Administrator\.m2\repository\org\openid4java\openid4java-server-SampleServer\0.9.5\openid4java-server-SampleServer-0.9.5.jar;C:\Documents and Settings\Administrator\.m2\repository\org\springframework\security\spring-security-config\3.0.2.RELEASE\spring-security-config-3.0.2.RELEASE.jar;C:\Documents and Settings\Administrator\.m2\repository\org\springframework\roo\org.springframework.roo.annotations\1.0.2.RELEASE\org.springframework.roo.annotations-1.0.2.RELEASE.jar;C:\Documents and Settings\Administrator\.m2\repository\org\slf4j\slf4j-api\1.5.10\slf4j-api-1.5.10.jar;C:\Documents and Settings\Administrator\.m2\repository\org\slf4j\jcl-over-slf4j\1.5.10\jcl-over-slf4j-1.5.10.jar;C:\Documents and Settings\Administrator\.m2\repository\org\slf4j\slf4j-log4j12\1.5.10\slf4j-log4j12-1.5.10.jar;C:\Documents and Settings\Administrator\.m2\repository\log4j\log4j\1.2.16\log4j-1.2.16.jar;C:\Documents and Settings\Administrator\.m2\repository\javax\inject\javax.inject\1\javax.inject-1.jar;C:\Documents and Settings\Administrator\.m2\repository\com\h2database\h2\1.2.131\h2-1.2.131.jar;C:\Documents and Settings\Administrator\.m2\repository\javax\servlet\servlet-api\2.5\servlet-api-2.5.jar;C:\Documents and Settings\Administrator\.m2\repository\javax\servlet\jsp\jsp-api\2.1\jsp-api-2.1.jar;C:\Documents and Settings\Administrator\.m2\repository\javax\servlet\jstl\1.2\jstl-1.2.jar;C:\Documents and Settings\Administrator\.m2\repository\org\apache\tiles\tiles-jsp\2.1.3\tiles-jsp-2.1.3.jar;C:\Documents and Settings\Administrator\.m2\repository\org\apache\tiles\tiles-servlet\2.1.3\tiles-servlet-2.1.3.jar;C:\Documents and Settings\Administrator\.m2\repository\org\apache\tiles\tiles-core\2.1.3\tiles-core-2.1.3.jar;C:\Documents and Settings\Administrator\.m2\repository\org\apache\tiles\tiles-api\2.1.3\tiles-api-2.1.3.jar;C:\Documents and Settings\Administrator\.m2\repository\commons-digester\commons-digester\1.8.1\commons-digester-1.8.1.jar;C:\Documents and Settings\Administrator\.m2\repository\commons-beanutils\commons-beanutils\1.8.0\commons-beanutils-1.8.0.jar;C:\Documents and Settings\Administrator\.m2\repository\org\hibernate\hibernate-entitymanager\3.5.0-Final\hibernate-entitymanager-3.5.0-Final.jar;C:\Documents and Settings\Administrator\.m2\repository\org\hibernate\hibernate-core\3.5.0-Final\hibernate-core-3.5.0-Final.jar;C:\Documents and Settings\Administrator\.m2\repository\antlr\antlr\2.7.7\antlr-2.7.7.jar;C:\Documents and Settings\Administrator\.m2\repository\commons-collections\commons-collections\3.1\commons-collections-3.1.jar;C:\Documents and Settings\Administrator\.m2\repository\dom4j\dom4j\1.6.1\dom4j-1.6.1.jar;C:\Documents and Settings\Administrator\.m2\repository\javax\transaction\jta\1.1\jta-1.1.jar;C:\Documents and Settings\Administrator\.m2\repository\org\hibernate\hibernate-annotations\3.5.0-Final\hibernate-annotations-3.5.0-Final.jar;C:\Documents and Settings\Administrator\.m2\repository\org\hibernate\hibernate-commons-annotations\3.2.0.Final\hibernate-commons-annotations-3.2.0.Final.jar;C:\Documents and Settings\Administrator\.m2\repository\org\hibernate\javax\persistence\hibernate-jpa-2.0-api\1.0.0.Final\hibernate-jpa-2.0-api-1.0.0.Final.jar;C:\Documents and Settings\Administrator\.m2\repository\cglib\cglib\2.2\cglib-2.2.jar;C:\Documents and Settings\Administrator\.m2\repository\asm\asm\3.1\asm-3.1.jar;C:\Documents and Settings\Administrator\.m2\repository\javassist\javassist\3.9.0.GA\javassist-3.9.0.GA.jar;C:\Documents and Settings\Administrator\.m2\repository\javax\validation\validation-api\1.0.0.GA\validation-api-1.0.0.GA.jar;C:\Documents and Settings\Administrator\.m2\repository\org\hibernate\hibernate-validator\4.0.2.GA\hibernate-validator-4.0.2.GA.jar;C:\Documents and Settings\Administrator\.m2\repository\javax\xml\bind\jaxb-api\2.1\jaxb-api-2.1.jar;C:\Documents and Settings\Administrator\.m2\repository\javax\xml\stream\stax-api\1.0-2\stax-api-1.0-2.jar;C:\Documents and Settings\Administrator\.m2\repository\javax\activation\activation\1.1\activation-1.1.jar;C:\Documents and Settings\Administrator\.m2\repository\com\sun\xml\bind\jaxb-impl\2.1.3\jaxb-impl-2.1.3.jar;C:\Documents and Settings\Administrator\.m2\repository\joda-time\joda-time\1.6\joda-time-1.6.jar;C:\Documents and Settings\Administrator\.m2\repository\joda-time\joda-time-jsptags\1.0.2\joda-time-jsptags-1.0.2.jar;C:\Documents and Settings\Administrator\.m2\repository\javax\mail\mail\1.4.1\mail-1.4.1.jar;C:\Documents and Settings\Administrator\.m2\repository\org\antlr\stringtemplate\3.2.1\stringtemplate-3.2.1.jar;C:\Documents and Settings\Administrator\.m2\repository\junit\junit\4.7\junit-4.7.jar;C:\Documents and Settings\Administrator\.m2\repository\org\springframework\spring-test\3.0.3.RELEASE\spring-test-3.0.3.RELEASE.jar;"/>
    <property name="java.vm.specification.version" value="1.0"/>
    <property name="sun.arch.data.model" value="32"/>
    <property name="java.home" value="D:\Program Files\Genuitec\Common\binary\com.sun.java.jdk.win32.x86_1.6.0.013\jre"/>
    <property name="java.specification.vendor" value="Sun Microsystems Inc."/>
    <property name="user.language" value="zh"/>
    <property name="awt.toolkit" value="sun.awt.windows.WToolkit"/>
    <property name="java.vm.info" value="mixed mode"/>
    <property name="java.version" value="1.6.0_13"/>
    <property name="java.ext.dirs" value="D:\Program Files\Genuitec\Common\binary\com.sun.java.jdk.win32.x86_1.6.0.013\jre\lib\ext;C:\WINDOWS\Sun\Java\lib\ext"/>
    <property name="sun.boot.class.path" value="D:\Program Files\Genuitec\Common\binary\com.sun.java.jdk.win32.x86_1.6.0.013\jre\lib\resources.jar;D:\Program Files\Genuitec\Common\binary\com.sun.java.jdk.win32.x86_1.6.0.013\jre\lib\rt.jar;D:\Program Files\Genuitec\Common\binary\com.sun.java.jdk.win32.x86_1.6.0.013\jre\lib\sunrsasign.jar;D:\Program Files\Genuitec\Common\binary\com.sun.java.jdk.win32.x86_1.6.0.013\jre\lib\jsse.jar;D:\Program Files\Genuitec\Common\binary\com.sun.java.jdk.win32.x86_1.6.0.013\jre\lib\jce.jar;D:\Program Files\Genuitec\Common\binary\com.sun.java.jdk.win32.x86_1.6.0.013\jre\lib\charsets.jar;D:\Program Files\Genuitec\Common\binary\com.sun.java.jdk.win32.x86_1.6.0.013\jre\classes"/>
    <property name="java.vendor" value="Sun Microsystems Inc."/>
    <property name="localRepository" value="C:\Documents and Settings\Administrator\.m2\repository"/>
    <property name="file.separator" value="\"/>
    <property name="java.vendor.url.bug" value="http://java.sun.com/cgi-bin/bugreport.cgi"/>
    <property name="sun.cpu.endian" value="little"/>
    <property name="sun.io.unicode.encoding" value="UnicodeLittle"/>
    <property name="sun.desktop" value="windows"/>
    <property name="sun.cpu.isalist" value="pentium_pro+mmx pentium_pro pentium+mmx pentium i486 i386 i86"/>
  </properties>
  <testcase time="0" classname="org.springframework.samples.petcare.appointments.AppointmentCalendarTest" name="getBlocks"/>
  <testcase time="0" classname="org.springframework.samples.petcare.appointments.AppointmentCalendarTest" name="getDoctors"/>
  <testcase time="0" classname="org.springframework.samples.petcare.appointments.AppointmentCalendarTest" name="getAppointment"/>
</testsuite>